Line 2: Could not create reference: '{8767A745-088E-4CA6-8594-073D6D2DE57A}#9.2#0'.
Line 15: Class CRVIEWER9LibCtl.CRViewer9 of control CRViewer91 was not a loaded control class.
Line 21: The property name lastProp in CRViewer91 is invalid.
Line 22: The property name _cx in CRViewer91 is invalid.
Line 23: The property name _cy in CRViewer91 is invalid.
Line 24: The property name DisplayGroupTree in CRViewer91 is invalid.
Line 25: The property name DisplayToolbar in CRViewer91 is invalid.
Line 26: The property name EnableGroupTree in CRViewer91 is invalid.
Line 27: The property name EnableNavigationControls in CRViewer91 is invalid.
Line 28: The property name EnableStopButton in CRViewer91 is invalid.
Line 29: The property name EnablePrintButton in CRViewer91 is invalid.
Line 30: The property name EnableZoomControl in CRViewer91 is invalid.
Line 31: The property name EnableCloseButton in CRViewer91 is invalid.
Line 32: The property name EnableProgressControl in CRViewer91 is invalid.
Line 33: The property name EnableSearchControl in CRViewer91 is invalid.
Line 34: The property name EnableRefreshButton in CRViewer91 is invalid.
Line 35: The property name EnableDrillDown in CRViewer91 is invalid.
Line 36: The property name EnableAnimationControl in CRViewer91 is invalid.
Line 37: The property name EnableSelectExpertButton in CRViewer91 is invalid.
Line 38: The property name EnableToolbar in CRViewer91 is invalid.
Line 39: The property name DisplayBorder in CRViewer91 is invalid.
Line 40: The property name DisplayTabs in CRViewer91 is invalid.
Line 41: The property name DisplayBackgroundEdge in CRViewer91 is invalid.
Line 42: The property name SelectionFormula in CRViewer91 is invalid.
Line 43: The property name EnablePopupMenu in CRViewer91 is invalid.
Line 44: The property name EnableExportButton in CRViewer91 is invalid.
Line 45: The property name EnableSearchExpertButton in CRViewer91 is invalid.
Line 46: The property name EnableHelpButton in CRViewer91 is invalid.
Line 47: The property name LaunchHTTPHyperlinksInNewBrowser in CRViewer91 is invalid.
